生成启动时间为 2020/9/8 21:27:23。
     1>项目“F:\test_algorithm\test\40_KLeastNumbers\40_KLeastNumbers.vcxproj”在节点 2 上(Rebuild 个目标)。
     1>ClCompile:
         F:\VS2013_exe\VC\bin\CL.exe /c /ZI /nologo /W3 /WX- /sdl /Od /Oy- /D WIN32 /D _DEBUG /D _CONSOLE /D _LIB /D _UNICODE /D UNICODE /Gm /EHsc /RTC1 /MDd /GS /fp:precise /Zc:wchar_t /Zc:forScope /Yc"stdafx.h" /Fp"Debug\40_KLeastNumbers.pch" /Fo"Debug\\" /Fd"Debug\vc120.pdb" /Gd /TP /analyze- /errorReport:prompt stdafx.cpp
         stdafx.cpp
         F:\VS2013_exe\VC\bin\CL.exe /c /ZI /nologo /W3 /WX- /sdl /Od /Oy- /D WIN32 /D _DEBUG /D _CONSOLE /D _LIB /D _UNICODE /D UNICODE /Gm /EHsc /RTC1 /MDd /GS /fp:precise /Zc:wchar_t /Zc:forScope /Yu"stdafx.h" /Fp"Debug\40_KLeastNumbers.pch" /Fo"Debug\\" /Fd"Debug\vc120.pdb" /Gd /TP /analyze- /errorReport:prompt 40_KLeastNumbers.cpp
         40_KLeastNumbers.cpp
     1>f:\test_algorithm\test\40_kleastnumbers\40_kleastnumbers.cpp(62): warning C4018: “<”: 有符号/无符号不匹配
     1>f:\test_algorithm\test\40_kleastnumbers\40_kleastnumbers.cpp(68): warning C4018: “<”: 有符号/无符号不匹配
         F:\VS2013_exe\VC\bin\CL.exe /c /ZI /nologo /W3 /WX- /sdl /Od /Oy- /D WIN32 /D _DEBUG /D _CONSOLE /D _LIB /D _UNICODE /D UNICODE /Gm /EHsc /RTC1 /MDd /GS /fp:precise /Zc:wchar_t /Zc:forScope /Fo"Debug\\" /Fd"Debug\vc120.pdb" /Gd /TP /analyze- /errorReport:prompt Array.cpp
         Array.cpp
       Link:
         F:\VS2013_exe\VC\bin\link.exe /ERRORREPORT:PROMPT /OUT:"F:\test_algorithm\test\Debug\40_KLeastNumbers.exe" /INCREMENTAL /NOLOGO kernel32.lib user32.lib gdi32.lib winspool.lib comdlg32.lib advapi32.lib shell32.lib ole32.lib oleaut32.lib uuid.lib odbc32.lib odbccp32.lib /MANIFEST /MANIFESTUAC:"level='asInvoker' uiAccess='false'" /manifest:embed /DEBUG /PDB:"F:\test_algorithm\test\Debug\40_KLeastNumbers.pdb" /SUBSYSTEM:CONSOLE /TLBID:1 /DYNAMICBASE /NXCOMPAT /IMPLIB:"F:\test_algorithm\test\Debug\40_KLeastNumbers.lib" /MACHINE:X86 Debug\40_KLeastNumbers.obj
         Debug\Array.obj
         Debug\stdafx.obj
            正在创建库 F:\test_algorithm\test\Debug\40_KLeastNumbers.lib 和对象 F:\test_algorithm\test\Debug\40_KLeastNumbers.exp
         40_KLeastNumbers.vcxproj -> F:\test_algorithm\test\Debug\40_KLeastNumbers.exe
     1>已完成生成项目“F:\test_algorithm\test\40_KLeastNumbers\40_KLeastNumbers.vcxproj”(Rebuild 个目标)的操作。

生成成功。

已用时间 00:00:02.98
